[01:22:11] [main/INFO] (FabricLoader/GameProvider) Loading Minecraft 1.16.5 with Fabric Loader 0.19.3
[01:22:11] [main/INFO] (FabricLoader) Loading 50 mods:
	- fabric 0.42.0+1.16
	- fabric-api-base 0.4.0+3cc0f0907d
	- fabric-api-lookup-api-v1 1.3.1+3cc0f0907d
	- fabric-biome-api-v1 3.1.13+3cc0f0907d
	- fabric-blockrenderlayer-v1 1.1.6+3cc0f0907d
	- fabric-command-api-v1 1.1.3+3cc0f0907d
	- fabric-commands-v0 0.2.3+3cc0f0907d
	- fabric-containers-v0 0.1.12+3cc0f0907d
	- fabric-content-registries-v0 0.2.5+3cc0f0907d
	- fabric-crash-report-info-v1 0.1.4+3cc0f0907d
	- fabric-dimensions-v1 2.0.8+3cc0f0907d
	- fabric-entity-events-v1 1.2.4+3cc0f0907d
	- fabric-events-interaction-v0 0.4.5+3cc0f0907d
	- fabric-events-lifecycle-v0 0.2.2+3cc0f0907d
	- fabric-game-rule-api-v1 1.0.7+3cc0f0907d
	- fabric-item-api-v1 1.2.2+3cc0f0907d
	- fabric-item-groups-v0 0.3.1+3cc0f0907d
	- fabric-key-binding-api-v1 1.0.5+3cc0f0907d
	- fabric-keybindings-v0 0.2.2+3cc0f0907d
	- fabric-lifecycle-events-v1 1.2.2+3cc0f0907d
	- fabric-loot-tables-v1 1.0.3+3cc0f0907d
	- fabric-mining-levels-v0 0.1.4+3cc0f0907d
	- fabric-models-v0 0.3.1+3cc0f0907d
	- fabric-networking-api-v1 1.0.5+3cc0f0907d
	- fabric-networking-blockentity-v0 0.2.9+3cc0f0907d
	- fabric-networking-v0 0.3.3+3cc0f0907d
	- fabric-object-builder-api-v1 1.9.6+3cc0f0907d
	- fabric-object-builders-v0 0.7.3+3cc0f0907d
	- fabric-particles-v1 0.2.5+3cc0f0907d
	- fabric-registry-sync-v0 0.7.6+3cc0f0907d
	- fabric-renderer-api-v1 0.4.5+3cc0f0907d
	- fabric-renderer-indigo 0.4.5+3cc0f0907d
	- fabric-renderer-registries-v1 2.3.1+3cc0f0907d
	- fabric-rendering-data-attachment-v1 0.1.6+3cc0f0907d
	- fabric-rendering-fluids-v1 0.1.15+3cc0f0907d
	- fabric-rendering-v0 1.1.3+3cc0f0907d
	- fabric-rendering-v1 1.6.1+3cc0f0907d
	- fabric-resource-loader-v0 0.4.8+3cc0f0907d
	- fabric-screen-api-v1 1.0.1+3cc0f0907d
	- fabric-screen-handler-api-v1 1.1.6+3cc0f0907d
	- fabric-structure-api-v1 1.1.12+3cc0f0907d
	- fabric-tag-extensions-v0 1.1.2+3cc0f0907d
	- fabric-textures-v0 1.0.7+3cc0f0907d
	- fabric-tool-attribute-api-v1 1.2.8+3cc0f0907d
	- fabric-transfer-api-v1 1.5.0+3cc0f0907d
	- fabricloader 0.19.3
	- islands_enet 1.0.0
	- java 21
	- minecraft 1.16.5
	- mixinextras 0.5.4
[01:22:12] [main/INFO] (FabricLoader/Mixin) SpongePowered MIXIN Subsystem Version=0.8.7 Source=file:/C:/Users/User/.gradle/caches/modules-2/files-2.1/net.fabricmc/sponge-mixin/0.17.3+mixin.0.8.7/41c4a3984a80f4679e759fb9f495587acc5cdac7/sponge-mixin-0.17.3+mixin.0.8.7.jar Service=Knot/Fabric Env=CLIENT
[01:22:13] [main/INFO] (FabricLoader/Mixin) Loaded Fabric development mappings for mixin remapper!
[01:22:17] [main/INFO] (FabricLoader/MixinExtras|Service) Initializing MixinExtras via com.llamalad7.mixinextras.service.MixinExtrasServiceImpl(version=0.5.4).
[01:22:33] [main/INFO] (Minecraft) Environment: authHost='https://authserver.mojang.com', accountsHost='https://api.mojang.com', sessionHost='https://sessionserver.mojang.com', servicesHost='https://api.minecraftservices.com', name='PROD'
[01:22:52] [main/INFO] (Minecraft) Setting user: Player0
[01:22:52] [main/INFO] (islands_enet) Hello Fabric world!
[01:22:54] [main/INFO] (Indigo) [Indigo] Registering Indigo renderer!
[01:22:55] [main/INFO] (Minecraft) [STDERR]: [LWJGL] [ThreadLocalUtil] Unsupported JNI version detected, this may result in a crash. Please inform LWJGL developers.
[01:22:56] [main/INFO] (Minecraft) Backend library: LWJGL version 3.3.2-snapshot
[01:23:04] [main/INFO] (Minecraft) Narrator library for x64 successfully loaded
[01:23:04] [main/INFO] (Minecraft) Reloading ResourceManager: Default, Fabric Mods (Fabric Rendering (v1), Fabric API Base, Fabric Game Rule API (v1), Fabric Key Binding API (v1), Fabric Screen API (v1), Fabric Networking API (v1), Fabric Command API (v1), Fabric Loot Tables (v1), Islands-enet, Fabric Rendering Data Attachment (v1), Fabric Rendering (v0), Fabric Events Lifecycle (v0), Fabric Tool Attribute API (v1), Fabric Networking (v0), Fabric Tag Extensions (v0), Fabric Networking Block Entity (v0), Fabric Crash Report Info (v1), Fabric Registry Sync (v0), Fabric Object Builder API (v1), Fabric Lifecycle Events (v1), Fabric Renderer Registries (v1), Fabric Loader, Fabric Textures (v0), Fabric Particles (v1), Fabric Screen Handler API (v1), Fabric Rendering Fluids (v1), Fabric Object Builders (v0), Fabric Events Interaction (v0), Fabric Content Registries (v0), Fabric Models (v0), Fabric Commands (v0), Fabric Structure API (v1), Fabric API Lookup API (v1), Fabric Containers (v0), Fabric Biome API (v1), Fabric Key Bindings (v0), Fabric API, Fabric Item Groups (v0), Fabric Entity Events (v1), Fabric Renderer - Indigo, Fabric Dimensions API (v1), Fabric Item API (v1), Fabric BlockRenderLayer Registration (v1), Fabric Resource Loader (v0), Fabric Transfer API (v1), Fabric Mining Levels (v0), Fabric Renderer API (v1))
[01:23:05] [Realms Notification Availability checker #1/INFO] (Minecraft) Could not authorize you against Realms server: java.lang.RuntimeException: Failed to parse into SignedJWT: FabricMC
[01:23:43] [main/INFO] (Minecraft) OpenAL initialized.
[01:23:43] [main/INFO] (Minecraft) Sound engine started
[01:23:45] [main/INFO] (Minecraft) Created: 1024x1024x4 minecraft:textures/atlas/blocks.png-atlas
[01:23:46] [main/INFO] (Minecraft) Created: 256x128x4 minecraft:textures/atlas/signs.png-atlas
[01:23:46] [main/INFO] (Minecraft) Created: 1024x512x4 minecraft:textures/atlas/banner_patterns.png-atlas
[01:23:46] [main/INFO] (Minecraft) Created: 1024x512x4 minecraft:textures/atlas/shield_patterns.png-atlas
[01:23:46] [main/INFO] (Minecraft) Created: 256x256x4 minecraft:textures/atlas/chest.png-atlas
[01:23:46] [main/INFO] (Minecraft) Created: 512x256x4 minecraft:textures/atlas/beds.png-atlas
[01:23:46] [main/INFO] (Minecraft) Created: 512x256x4 minecraft:textures/atlas/shulker_boxes.png-atlas
[01:23:51] [main/INFO] (Minecraft) Created: 256x256x0 minecraft:textures/atlas/particles.png-atlas
[01:23:51] [main/INFO] (Minecraft) Created: 256x256x0 minecraft:textures/atlas/paintings.png-atlas
[01:23:51] [main/INFO] (Minecraft) Created: 256x128x0 minecraft:textures/atlas/mob_effects.png-atlas
[01:24:07] [main/WARN] (Minecraft) Ambiguity between arguments [teleport, destination] and [teleport, targets] with inputs: [Player, 0123, @e, dd12be42-52a9-4a91-a8a1-11c01849e498]
[01:24:07] [main/WARN] (Minecraft) Ambiguity between arguments [teleport, location] and [teleport, destination] with inputs: [0.1 -0.5 .9, 0 0 0]
[01:24:07] [main/WARN] (Minecraft) Ambiguity between arguments [teleport, location] and [teleport, targets] with inputs: [0.1 -0.5 .9, 0 0 0]
[01:24:07] [main/WARN] (Minecraft) Ambiguity between arguments [teleport, targets] and [teleport, destination] with inputs: [Player, 0123, dd12be42-52a9-4a91-a8a1-11c01849e498]
[01:24:07] [main/WARN] (Minecraft) Ambiguity between arguments [teleport, targets, location] and [teleport, targets, destination] with inputs: [0.1 -0.5 .9, 0 0 0]
[01:24:07] [main/INFO] (Minecraft) Reloading ResourceManager: Default, Fabric Mods (Islands-enet, Fabric Tool Attribute API (v1))
[01:24:13] [main/INFO] (Minecraft) Loaded 7 recipes
[01:24:14] [main/INFO] (Minecraft) Loaded 927 advancements
[01:24:14] [main/INFO] (BiomeModificationImpl) Applied 0 biome modifications to 0 of 79 new biomes in 158.1 ms
[01:24:22] [main/INFO] (Minecraft) Environment: authHost='https://authserver.mojang.com', accountsHost='https://api.mojang.com', sessionHost='https://sessionserver.mojang.com', servicesHost='https://api.minecraftservices.com', name='PROD'
[01:24:22] [Server thread/INFO] (Minecraft) Starting integrated minecraft server version 1.16.5
[01:24:22] [Server thread/INFO] (Minecraft) Generating keypair
[01:24:24] [Server thread/INFO] (Minecraft) Preparing start region for dimension minecraft:overworld
[01:24:32] [main/INFO] (Minecraft) Preparando zona de aparición: 0%
[01:24:32] [main/INFO] (Minecraft) Preparando zona de aparición: 0%
[01:24:32] [main/INFO] (Minecraft) Preparando zona de aparición: 0%
[01:24:32] [main/INFO] (Minecraft) Preparando zona de aparición: 0%
[01:24:32] [main/INFO] (Minecraft) Preparando zona de aparición: 0%
[01:24:32] [main/INFO] (Minecraft) Preparando zona de aparición: 0%
[01:24:32] [main/INFO] (Minecraft) Preparando zona de aparición: 0%
[01:24:32] [main/INFO] (Minecraft) Preparando zona de aparición: 0%
[01:24:32] [main/INFO] (Minecraft) Preparando zona de aparición: 0%
[01:24:32] [main/INFO] (Minecraft) Preparando zona de aparición: 0%
[01:24:32] [main/INFO] (Minecraft) Preparando zona de aparición: 0%
[01:24:32] [main/INFO] (Minecraft) Preparando zona de aparición: 0%
[01:24:32] [main/INFO] (Minecraft) Preparando zona de aparición: 0%
[01:24:32] [main/INFO] (Minecraft) Preparando zona de aparición: 0%
[01:24:32] [main/INFO] (Minecraft) Preparando zona de aparición: 0%
[01:24:32] [main/INFO] (Minecraft) Preparando zona de aparición: 0%
[01:24:32] [main/INFO] (Minecraft) Preparando zona de aparición: 0%
[01:24:32] [main/INFO] (Minecraft) Preparando zona de aparición: 0%
[01:24:33] [main/INFO] (Minecraft) Preparando zona de aparición: 0%
[01:24:33] [main/INFO] (Minecraft) Preparando zona de aparición: 0%
[01:24:34] [main/INFO] (Minecraft) Preparando zona de aparición: 0%
[01:24:34] [main/INFO] (Minecraft) Preparando zona de aparición: 0%
[01:24:35] [main/INFO] (Minecraft) Preparando zona de aparición: 0%
[01:24:38] [main/INFO] (Minecraft) Preparando zona de aparición: 0%
[01:24:38] [main/INFO] (Minecraft) Preparando zona de aparición: 0%
[01:24:38] [main/INFO] (Minecraft) Preparando zona de aparición: 0%
[01:24:38] [main/INFO] (Minecraft) Preparando zona de aparición: 0%
[01:24:38] [main/INFO] (Minecraft) Preparando zona de aparición: 0%
[01:24:38] [main/INFO] (Minecraft) Preparando zona de aparición: 0%
[01:24:38] [main/INFO] (Minecraft) Preparando zona de aparición: 0%
[01:24:39] [main/INFO] (Minecraft) Preparando zona de aparición: 83%
[01:24:42] [main/INFO] (Minecraft) Time elapsed: 18559 ms
[01:24:42] [Server thread/INFO] (Minecraft) [Server] Correct Load
[01:24:46] [Server thread/INFO] (Minecraft) Changing view distance to 4, from 10
[01:24:46] [Server thread/WARN] (Minecraft) Can't keep up! Is the server overloaded? Running 3862ms or 77 ticks behind
[01:25:07] [Server thread/WARN] (Minecraft) Can't keep up! Is the server overloaded? Running 6364ms or 127 ticks behind
[01:25:10] [Server thread/INFO] (Minecraft) Player0[local:E:956b2270] logged in with entity id 194 at (-206.3581309643792, 66.11650136792812, -57.0775879571367)
[01:25:13] [Server thread/INFO] (Minecraft) Player0 se conectó
[01:25:16] [Server thread/INFO] (Minecraft) Saving and pausing game...
[01:25:16] [Server thread/INFO] (Minecraft) Saving chunks for level 'ServerLevel[New World]'/minecraft:overworld
[01:25:18] [main/INFO] (Minecraft) Loaded 0 advancements
[01:25:19] [Server thread/INFO] (Minecraft) Saving chunks for level 'ServerLevel[New World]'/minecraft:the_nether
[01:25:19] [Server thread/INFO] (Minecraft) Saving chunks for level 'ServerLevel[New World]'/minecraft:the_end
[01:25:31] [Server thread/WARN] (Minecraft) Can't keep up! Is the server overloaded? Running 8436ms or 168 ticks behind
[01:25:36] [main/WARN] (Minecraft) Unable to play empty soundEvent: minecraft:entity.cod.ambient
[01:25:47] [main/INFO] (Minecraft) Loaded 19 advancements
[01:26:52] [main/INFO] (Minecraft) Loaded 25 advancements
[01:27:52] [Server thread/INFO] (Minecraft) Saving and pausing game...
[01:27:52] [Server thread/INFO] (Minecraft) Saving chunks for level 'ServerLevel[New World]'/minecraft:overworld
[01:27:52] [Server thread/INFO] (Minecraft) Saving chunks for level 'ServerLevel[New World]'/minecraft:the_nether
[01:27:52] [Server thread/INFO] (Minecraft) Saving chunks for level 'ServerLevel[New World]'/minecraft:the_end
[01:27:53] [Server thread/INFO] (Minecraft) Player0 lost connection: Desconectado/a
[01:27:53] [Server thread/INFO] (Minecraft) Player0 se desconectó
[01:27:53] [Server thread/INFO] (Minecraft) Stopping singleplayer server as player logged out
[01:27:53] [Server thread/INFO] (Minecraft) Stopping server
[01:27:53] [Server thread/INFO] (Minecraft) Saving players
[01:27:53] [Server thread/INFO] (Minecraft) Saving worlds
[01:27:53] [Server thread/INFO] (Minecraft) Saving chunks for level 'ServerLevel[New World]'/minecraft:overworld
[01:27:53] [Server thread/INFO] (Minecraft) ThreadedAnvilChunkStorage (New World): All chunks are saved
[01:27:53] [Server thread/INFO] (Minecraft) Saving chunks for level 'ServerLevel[New World]'/minecraft:the_nether
[01:27:53] [Server thread/INFO] (Minecraft) ThreadedAnvilChunkStorage (DIM-1): All chunks are saved
[01:27:53] [Server thread/INFO] (Minecraft) Saving chunks for level 'ServerLevel[New World]'/minecraft:the_end
[01:27:53] [Server thread/INFO] (Minecraft) ThreadedAnvilChunkStorage (DIM1): All chunks are saved
[01:27:53] [Server thread/INFO] (Minecraft) ThreadedAnvilChunkStorage (New World): All chunks are saved
[01:27:53] [Server thread/INFO] (Minecraft) ThreadedAnvilChunkStorage (DIM-1): All chunks are saved
[01:27:53] [Server thread/INFO] (Minecraft) ThreadedAnvilChunkStorage (DIM1): All chunks are saved
[01:27:55] [main/INFO] (Minecraft) Stopping!
